<?xml version="1.0" encoding="UTF-8" standalone="no"?>
<!DOCTYPE log SYSTEM "logger.dtd">
<log>
<record>
  <date>2019-02-13T10:11:38</date>
  <millis>1550045498316</millis>
  <sequence>0</sequence>
  <level>START</level>
  <class>com.kms.katalon.core.logging.XmlKeywordLogger</class>
  <method>startSuite</method>
  <thread>1</thread>
  <message>Start Test Suite : Test Suites/Event Group Management/TS_ClickUpdate_Delete</message>
  <nestedLevel>0</nestedLevel>
  <property name="name">TS_ClickUpdate_Delete</property>
  <property name="description"></property>
  <property name="id">Test Suites/Event Group Management/TS_ClickUpdate_Delete</property>
</record>
<record>
  <date>2019-02-13T10:11:38</date>
  <millis>1550045498320</millis>
  <sequence>1</sequence>
  <level>RUN_DATA</level>
  <class>com.kms.katalon.core.logging.XmlKeywordLogger</class>
  <method>logMessage</method>
  <thread>1</thread>
  <message>hostName = Ebtehal Gamal Yusuf - LPALXY0199.ejadaalex.local</message>
  <nestedLevel>0</nestedLevel>
  <property name="hostName">Ebtehal Gamal Yusuf - LPALXY0199.ejadaalex.local</property>
</record>
<record>
  <date>2019-02-13T10:11:38</date>
  <millis>1550045498320</millis>
  <sequence>2</sequence>
  <level>RUN_DATA</level>
  <class>com.kms.katalon.core.logging.XmlKeywordLogger</class>
  <method>logMessage</method>
  <thread>1</thread>
  <message>os = Windows 7 64bit</message>
  <nestedLevel>0</nestedLevel>
  <property name="os">Windows 7 64bit</property>
</record>
<record>
  <date>2019-02-13T10:11:38</date>
  <millis>1550045498321</millis>
  <sequence>3</sequence>
  <level>RUN_DATA</level>
  <class>com.kms.katalon.core.logging.XmlKeywordLogger</class>
  <method>logMessage</method>
  <thread>1</thread>
  <message>hostAddress = 192.168.3.51</message>
  <nestedLevel>0</nestedLevel>
  <property name="hostAddress">192.168.3.51</property>
</record>
<record>
  <date>2019-02-13T10:11:38</date>
  <millis>1550045498323</millis>
  <sequence>4</sequence>
  <level>RUN_DATA</level>
  <class>com.kms.katalon.core.logging.XmlKeywordLogger</class>
  <method>logMessage</method>
  <thread>1</thread>
  <message>katalonVersion = 5.10.1.1</message>
  <nestedLevel>0</nestedLevel>
  <property name="katalonVersion">5.10.1.1</property>
</record>
<record>
  <date>2019-02-13T10:11:38</date>
  <millis>1550045498619</millis>
  <sequence>5</sequence>
  <level>START</level>
  <class>com.kms.katalon.core.logging.XmlKeywordLogger</class>
  <method>startTest</method>
  <thread>1</thread>
  <message>Start Test Case : Test Cases/TC_Login</message>
  <nestedLevel>1</nestedLevel>
  <property name="name">Test Cases/TC_Login</property>
  <property name="description"></property>
  <property name="id">Test Cases/TC_Login</property>
  <property name="source">C:\\Users\\Administrator\\git\\MOF\\Test Cases\\TC_Login.tc</property>
  <property name="isOptional">false</property>
</record>
<record>
  <date>2019-02-13T10:11:39</date>
  <millis>1550045499238</millis>
  <sequence>7</sequence>
  <level>START</level>
  <class>com.kms.katalon.core.logging.XmlKeywordLogger</class>
  <method>startKeyword</method>
  <thread>1</thread>
  <message>Start action : pk_Functions.CS_Login.LoginFun(findTestObject(null), \&amp;quot;http://192.168.0.190:8080/mof/#/\&amp;quot;, findTestObject(\&amp;quot;Login/Username\&amp;quot;), findTestObject(\&amp;quot;Login/Password\&amp;quot;), \&amp;quot;AAttia\&amp;quot;, \&amp;quot;123\&amp;quot;, findTestObject(\&amp;quot;Login/Login\&amp;quot;))</message>
  <nestedLevel>1</nestedLevel>
  <property name="startLine">16</property>
  <property name="stepIndex">1</property>
</record>
<record>
  <date>2019-02-13T10:11:39</date>
  <millis>1550045499271</millis>
  <sequence>8</sequence>
  <level>WARNING</level>
  <class>com.kms.katalon.core.logging.XmlKeywordLogger</class>
  <method>logMessage</method>
  <thread>1</thread>
  <message>Test object id is null</message>
  <nestedLevel>1</nestedLevel>
</record>
<record>
  <date>2019-02-13T10:11:39</date>
  <millis>1550045499831</millis>
  <sequence>13</sequence>
  <level>INFO</level>
  <class>com.kms.katalon.core.logging.XmlKeywordLogger</class>
  <method>logMessage</method>
  <thread>1</thread>
  <message>Starting &amp;apos;Chrome&amp;apos; driver</message>
  <nestedLevel>1</nestedLevel>
</record>
<record>
  <date>2019-02-13T10:11:39</date>
  <millis>1550045499885</millis>
  <sequence>14</sequence>
  <level>INFO</level>
  <class>com.kms.katalon.core.logging.XmlKeywordLogger</class>
  <method>logMessage</method>
  <thread>1</thread>
  <message>Action delay is set to 0 seconds</message>
  <nestedLevel>1</nestedLevel>
</record>
<record>
  <date>2019-02-13T10:11:44</date>
  <millis>1550045504644</millis>
  <sequence>16</sequence>
  <level>RUN_DATA</level>
  <class>com.kms.katalon.core.logging.XmlKeywordLogger</class>
  <method>logMessage</method>
  <thread>1</thread>
  <message>sessionId = a977816d3e732d2948a524a21ad4a128</message>
  <nestedLevel>1</nestedLevel>
  <property name="sessionId">a977816d3e732d2948a524a21ad4a128</property>
</record>
<record>
  <date>2019-02-13T10:11:44</date>
  <millis>1550045504690</millis>
  <sequence>17</sequence>
  <level>RUN_DATA</level>
  <class>com.kms.katalon.core.logging.XmlKeywordLogger</class>
  <method>logMessage</method>
  <thread>1</thread>
  <message>browser = Chrome 72.0.3626.96</message>
  <nestedLevel>1</nestedLevel>
  <property name="browser">Chrome 72.0.3626.96</property>
</record>
<record>
  <date>2019-02-13T10:11:44</date>
  <millis>1550045504690</millis>
  <sequence>18</sequence>
  <level>RUN_DATA</level>
  <class>com.kms.katalon.core.logging.XmlKeywordLogger</class>
  <method>logMessage</method>
  <thread>1</thread>
  <message>platform = Windows 7</message>
  <nestedLevel>1</nestedLevel>
  <property name="platform">Windows 7</property>
</record>
<record>
  <date>2019-02-13T10:11:44</date>
  <millis>1550045504697</millis>
  <sequence>19</sequence>
  <level>RUN_DATA</level>
  <class>com.kms.katalon.core.logging.XmlKeywordLogger</class>
  <method>logMessage</method>
  <thread>1</thread>
  <message>seleniumVersion = 3.7.1</message>
  <nestedLevel>1</nestedLevel>
  <property name="seleniumVersion">3.7.1</property>
</record>
<record>
  <date>2019-02-13T10:11:44</date>
  <millis>1550045504702</millis>
  <sequence>20</sequence>
  <level>RUN_DATA</level>
  <class>com.kms.katalon.core.logging.XmlKeywordLogger</class>
  <method>logMessage</method>
  <thread>1</thread>
  <message>proxyInformation = ProxyInformation{proxyOption=NO_PROXY, proxyServerType=HTTP, password=, proxyServerAddress=, proxyServerPort=0}</message>
  <nestedLevel>1</nestedLevel>
  <property name="proxyInformation">ProxyInformation{proxyOption=NO_PROXY, proxyServerType=HTTP, password=, proxyServerAddress=, proxyServerPort=0}</property>
</record>
<record>
  <date>2019-02-13T10:11:53</date>
  <millis>1550045513754</millis>
  <sequence>22</sequence>
  <level>PASSED</level>
  <class>com.kms.katalon.core.logging.XmlKeywordLogger</class>
  <method>logMessage</method>
  <thread>1</thread>
  <message>Browser is opened with url: &amp;apos;http://192.168.0.190:8080/mof/#/&amp;apos;</message>
  <nestedLevel>1</nestedLevel>
</record>
<record>
  <date>2019-02-13T10:11:53</date>
  <millis>1550045513916</millis>
  <sequence>33</sequence>
  <level>PASSED</level>
  <class>com.kms.katalon.core.logging.XmlKeywordLogger</class>
  <method>logMessage</method>
  <thread>1</thread>
  <message>Text &amp;apos;AAttia&amp;apos; is set on object &amp;apos;Object Repository/Login/Username&amp;apos;</message>
  <nestedLevel>1</nestedLevel>
</record>
<record>
  <date>2019-02-13T10:11:54</date>
  <millis>1550045514046</millis>
  <sequence>44</sequence>
  <level>PASSED</level>
  <class>com.kms.katalon.core.logging.XmlKeywordLogger</class>
  <method>logMessage</method>
  <thread>1</thread>
  <message>Text &amp;apos;123&amp;apos; is set on object &amp;apos;Object Repository/Login/Password&amp;apos;</message>
  <nestedLevel>1</nestedLevel>
</record>
<record>
  <date>2019-02-13T10:11:54</date>
  <millis>1550045514181</millis>
  <sequence>50</sequence>
  <level>PASSED</level>
  <class>com.kms.katalon.core.logging.XmlKeywordLogger</class>
  <method>logMessage</method>
  <thread>1</thread>
  <message>Object: &amp;apos;Object Repository/Login/Login&amp;apos; is clicked on</message>
  <nestedLevel>1</nestedLevel>
</record>
<record>
  <date>2019-02-13T10:11:54</date>
  <millis>1550045514182</millis>
  <sequence>51</sequence>
  <level>PASSED</level>
  <class>com.kms.katalon.core.logging.XmlKeywordLogger</class>
  <method>logMessage</method>
  <thread>1</thread>
  <message>pk_Functions.CS_Login.LoginFun is PASSED</message>
  <nestedLevel>1</nestedLevel>
</record>
<record>
  <date>2019-02-13T10:11:54</date>
  <millis>1550045514182</millis>
  <sequence>52</sequence>
  <level>END</level>
  <class>com.kms.katalon.core.logging.XmlKeywordLogger</class>
  <method>endKeyword</method>
  <thread>1</thread>
  <message>End action : pk_Functions.CS_Login.LoginFun(findTestObject(null), \&amp;quot;http://192.168.0.190:8080/mof/#/\&amp;quot;, findTestObject(\&amp;quot;Login/Username\&amp;quot;), findTestObject(\&amp;quot;Login/Password\&amp;quot;), \&amp;quot;AAttia\&amp;quot;, \&amp;quot;123\&amp;quot;, findTestObject(\&amp;quot;Login/Login\&amp;quot;))</message>
  <nestedLevel>1</nestedLevel>
</record>
<record>
  <date>2019-02-13T10:11:54</date>
  <millis>1550045514183</millis>
  <sequence>53</sequence>
  <level>PASSED</level>
  <class>com.kms.katalon.core.logging.XmlKeywordLogger</class>
  <method>logMessage</method>
  <thread>1</thread>
  <message>Test Cases/TC_Login</message>
  <nestedLevel>1</nestedLevel>
</record>
<record>
  <date>2019-02-13T10:11:54</date>
  <millis>1550045514184</millis>
  <sequence>54</sequence>
  <level>END</level>
  <class>com.kms.katalon.core.logging.XmlKeywordLogger</class>
  <method>endTest</method>
  <thread>1</thread>
  <message>End Test Case : Test Cases/TC_Login</message>
  <nestedLevel>0</nestedLevel>
</record>
<record>
  <date>2019-02-13T10:11:54</date>
  <millis>1550045514194</millis>
  <sequence>55</sequence>
  <level>START</level>
  <class>com.kms.katalon.core.logging.XmlKeywordLogger</class>
  <method>startTest</method>
  <thread>1</thread>
  <message>Start Test Case : Test Cases/Event Group Management/TC_Select_Screen</message>
  <nestedLevel>1</nestedLevel>
  <property name="name">Test Cases/Event Group Management/TC_Select_Screen</property>
  <property name="description"></property>
  <property name="id">Test Cases/Event Group Management/TC_Select_Screen</property>
  <property name="source">C:\\Users\\Administrator\\git\\MOF\\Test Cases\\Event Group Management\\TC_Select_Screen.tc</property>
  <property name="isOptional">false</property>
</record>
<record>
  <date>2019-02-13T10:11:54</date>
  <millis>1550045514540</millis>
  <sequence>57</sequence>
  <level>START</level>
  <class>com.kms.katalon.core.logging.XmlKeywordLogger</class>
  <method>startKeyword</method>
  <thread>1</thread>
  <message>Start action : click(findTestObject(\&amp;quot;NE_SideMenu\&amp;quot;))</message>
  <nestedLevel>1</nestedLevel>
  <property name="startLine">16</property>
  <property name="stepIndex">1</property>
</record>
<record>
  <date>2019-02-13T10:11:55</date>
  <millis>1550045515691</millis>
  <sequence>64</sequence>
  <level>PASSED</level>
  <class>com.kms.katalon.core.logging.XmlKeywordLogger</class>
  <method>logMessage</method>
  <thread>1</thread>
  <message>Object: &amp;apos;Object Repository/NE_SideMenu&amp;apos; is clicked on</message>
  <nestedLevel>1</nestedLevel>
</record>
<record>
  <date>2019-02-13T10:11:55</date>
  <millis>1550045515693</millis>
  <sequence>65</sequence>
  <level>END</level>
  <class>com.kms.katalon.core.logging.XmlKeywordLogger</class>
  <method>endKeyword</method>
  <thread>1</thread>
  <message>End action : click(findTestObject(\&amp;quot;NE_SideMenu\&amp;quot;))</message>
  <nestedLevel>1</nestedLevel>
</record>
<record>
  <date>2019-02-13T10:11:55</date>
  <millis>1550045515694</millis>
  <sequence>66</sequence>
  <level>START</level>
  <class>com.kms.katalon.core.logging.XmlKeywordLogger</class>
  <method>startKeyword</method>
  <thread>1</thread>
  <message>Start action : click(findTestObject(\&amp;quot;NE_EventGroupManagement\&amp;quot;))</message>
  <nestedLevel>1</nestedLevel>
  <property name="startLine">18</property>
  <property name="stepIndex">2</property>
</record>
<record>
  <date>2019-02-13T10:11:55</date>
  <millis>1550045515782</millis>
  <sequence>73</sequence>
  <level>PASSED</level>
  <class>com.kms.katalon.core.logging.XmlKeywordLogger</class>
  <method>logMessage</method>
  <thread>1</thread>
  <message>Object: &amp;apos;Object Repository/NE_EventGroupManagement&amp;apos; is clicked on</message>
  <nestedLevel>1</nestedLevel>
</record>
<record>
  <date>2019-02-13T10:11:55</date>
  <millis>1550045515783</millis>
  <sequence>74</sequence>
  <level>END</level>
  <class>com.kms.katalon.core.logging.XmlKeywordLogger</class>
  <method>endKeyword</method>
  <thread>1</thread>
  <message>End action : click(findTestObject(\&amp;quot;NE_EventGroupManagement\&amp;quot;))</message>
  <nestedLevel>1</nestedLevel>
</record>
<record>
  <date>2019-02-13T10:11:55</date>
  <millis>1550045515783</millis>
  <sequence>75</sequence>
  <level>START</level>
  <class>com.kms.katalon.core.logging.XmlKeywordLogger</class>
  <method>startKeyword</method>
  <thread>1</thread>
  <message>Start action : click(findTestObject(\&amp;quot;Event Group Managemnt/BTN_Search\&amp;quot;))</message>
  <nestedLevel>1</nestedLevel>
  <property name="startLine">20</property>
  <property name="stepIndex">3</property>
</record>
<record>
  <date>2019-02-13T10:11:56</date>
  <millis>1550045516404</millis>
  <sequence>82</sequence>
  <level>PASSED</level>
  <class>com.kms.katalon.core.logging.XmlKeywordLogger</class>
  <method>logMessage</method>
  <thread>1</thread>
  <message>Object: &amp;apos;Object Repository/Event Group Managemnt/BTN_Search&amp;apos; is clicked on</message>
  <nestedLevel>1</nestedLevel>
</record>
<record>
  <date>2019-02-13T10:11:56</date>
  <millis>1550045516405</millis>
  <sequence>83</sequence>
  <level>END</level>
  <class>com.kms.katalon.core.logging.XmlKeywordLogger</class>
  <method>endKeyword</method>
  <thread>1</thread>
  <message>End action : click(findTestObject(\&amp;quot;Event Group Managemnt/BTN_Search\&amp;quot;))</message>
  <nestedLevel>1</nestedLevel>
</record>
<record>
  <date>2019-02-13T10:11:56</date>
  <millis>1550045516406</millis>
  <sequence>84</sequence>
  <level>START</level>
  <class>com.kms.katalon.core.logging.XmlKeywordLogger</class>
  <method>startKeyword</method>
  <thread>1</thread>
  <message>Start action : delay(2)</message>
  <nestedLevel>1</nestedLevel>
  <property name="startLine">22</property>
  <property name="stepIndex">4</property>
</record>
<record>
  <date>2019-02-13T10:11:58</date>
  <millis>1550045518452</millis>
  <sequence>86</sequence>
  <level>PASSED</level>
  <class>com.kms.katalon.core.logging.XmlKeywordLogger</class>
  <method>logMessage</method>
  <thread>1</thread>
  <message>Delayed 2 second(s)</message>
  <nestedLevel>1</nestedLevel>
</record>
<record>
  <date>2019-02-13T10:11:58</date>
  <millis>1550045518452</millis>
  <sequence>87</sequence>
  <level>END</level>
  <class>com.kms.katalon.core.logging.XmlKeywordLogger</class>
  <method>endKeyword</method>
  <thread>1</thread>
  <message>End action : delay(2)</message>
  <nestedLevel>1</nestedLevel>
</record>
<record>
  <date>2019-02-13T10:11:58</date>
  <millis>1550045518452</millis>
  <sequence>88</sequence>
  <level>PASSED</level>
  <class>com.kms.katalon.core.logging.XmlKeywordLogger</class>
  <method>logMessage</method>
  <thread>1</thread>
  <message>Test Cases/Event Group Management/TC_Select_Screen</message>
  <nestedLevel>1</nestedLevel>
</record>
<record>
  <date>2019-02-13T10:11:58</date>
  <millis>1550045518453</millis>
  <sequence>89</sequence>
  <level>END</level>
  <class>com.kms.katalon.core.logging.XmlKeywordLogger</class>
  <method>endTest</method>
  <thread>1</thread>
  <message>End Test Case : Test Cases/Event Group Management/TC_Select_Screen</message>
  <nestedLevel>0</nestedLevel>
</record>
<record>
  <date>2019-02-13T10:11:58</date>
  <millis>1550045518475</millis>
  <sequence>90</sequence>
  <level>START</level>
  <class>com.kms.katalon.core.logging.XmlKeywordLogger</class>
  <method>startTest</method>
  <thread>1</thread>
  <message>Start Test Case : Test Cases/Event Group Management/TC_Click on Search Button</message>
  <nestedLevel>1</nestedLevel>
  <property name="name">Test Cases/Event Group Management/TC_Click on Search Button</property>
  <property name="description"></property>
  <property name="id">Test Cases/Event Group Management/TC_Click on Search Button</property>
  <property name="source">C:\\Users\\Administrator\\git\\MOF\\Test Cases\\Event Group Management\\TC_Click on Search Button.tc</property>
  <property name="isOptional">false</property>
</record>
<record>
  <date>2019-02-13T10:11:58</date>
  <millis>1550045518754</millis>
  <sequence>92</sequence>
  <level>START</level>
  <class>com.kms.katalon.core.logging.XmlKeywordLogger</class>
  <method>startKeyword</method>
  <thread>1</thread>
  <message>Start action : click(findTestObject(\&amp;quot;Event Group Managemnt/BTN_Clear\&amp;quot;))</message>
  <nestedLevel>1</nestedLevel>
  <property name="startLine">16</property>
  <property name="stepIndex">1</property>
</record>
<record>
  <date>2019-02-13T10:11:58</date>
  <millis>1550045518888</millis>
  <sequence>99</sequence>
  <level>PASSED</level>
  <class>com.kms.katalon.core.logging.XmlKeywordLogger</class>
  <method>logMessage</method>
  <thread>1</thread>
  <message>Object: &amp;apos;Object Repository/Event Group Managemnt/BTN_Clear&amp;apos; is clicked on</message>
  <nestedLevel>1</nestedLevel>
</record>
<record>
  <date>2019-02-13T10:11:58</date>
  <millis>1550045518889</millis>
  <sequence>100</sequence>
  <level>END</level>
  <class>com.kms.katalon.core.logging.XmlKeywordLogger</class>
  <method>endKeyword</method>
  <thread>1</thread>
  <message>End action : click(findTestObject(\&amp;quot;Event Group Managemnt/BTN_Clear\&amp;quot;))</message>
  <nestedLevel>1</nestedLevel>
</record>
<record>
  <date>2019-02-13T10:11:58</date>
  <millis>1550045518890</millis>
  <sequence>101</sequence>
  <level>START</level>
  <class>com.kms.katalon.core.logging.XmlKeywordLogger</class>
  <method>startKeyword</method>
  <thread>1</thread>
  <message>Start action : delay(2)</message>
  <nestedLevel>1</nestedLevel>
  <property name="startLine">18</property>
  <property name="stepIndex">2</property>
</record>
<record>
  <date>2019-02-13T10:12:00</date>
  <millis>1550045520892</millis>
  <sequence>103</sequence>
  <level>PASSED</level>
  <class>com.kms.katalon.core.logging.XmlKeywordLogger</class>
  <method>logMessage</method>
  <thread>1</thread>
  <message>Delayed 2 second(s)</message>
  <nestedLevel>1</nestedLevel>
</record>
<record>
  <date>2019-02-13T10:12:00</date>
  <millis>1550045520893</millis>
  <sequence>104</sequence>
  <level>END</level>
  <class>com.kms.katalon.core.logging.XmlKeywordLogger</class>
  <method>endKeyword</method>
  <thread>1</thread>
  <message>End action : delay(2)</message>
  <nestedLevel>1</nestedLevel>
</record>
<record>
  <date>2019-02-13T10:12:00</date>
  <millis>1550045520894</millis>
  <sequence>105</sequence>
  <level>START</level>
  <class>com.kms.katalon.core.logging.XmlKeywordLogger</class>
  <method>startKeyword</method>
  <thread>1</thread>
  <message>Start action : click(findTestObject(\&amp;quot;Event Group Managemnt/BTN_Search\&amp;quot;))</message>
  <nestedLevel>1</nestedLevel>
  <property name="startLine">20</property>
  <property name="stepIndex">3</property>
</record>
<record>
  <date>2019-02-13T10:12:00</date>
  <millis>1550045520980</millis>
  <sequence>112</sequence>
  <level>PASSED</level>
  <class>com.kms.katalon.core.logging.XmlKeywordLogger</class>
  <method>logMessage</method>
  <thread>1</thread>
  <message>Object: &amp;apos;Object Repository/Event Group Managemnt/BTN_Search&amp;apos; is clicked on</message>
  <nestedLevel>1</nestedLevel>
</record>
<record>
  <date>2019-02-13T10:12:00</date>
  <millis>1550045520988</millis>
  <sequence>113</sequence>
  <level>END</level>
  <class>com.kms.katalon.core.logging.XmlKeywordLogger</class>
  <method>endKeyword</method>
  <thread>1</thread>
  <message>End action : click(findTestObject(\&amp;quot;Event Group Managemnt/BTN_Search\&amp;quot;))</message>
  <nestedLevel>1</nestedLevel>
</record>
<record>
  <date>2019-02-13T10:12:00</date>
  <millis>1550045520988</millis>
  <sequence>114</sequence>
  <level>START</level>
  <class>com.kms.katalon.core.logging.XmlKeywordLogger</class>
  <method>startKeyword</method>
  <thread>1</thread>
  <message>Start action : delay(1)</message>
  <nestedLevel>1</nestedLevel>
  <property name="startLine">22</property>
  <property name="stepIndex">4</property>
</record>
<record>
  <date>2019-02-13T10:12:01</date>
  <millis>1550045521988</millis>
  <sequence>116</sequence>
  <level>PASSED</level>
  <class>com.kms.katalon.core.logging.XmlKeywordLogger</class>
  <method>logMessage</method>
  <thread>1</thread>
  <message>Delayed 1 second(s)</message>
  <nestedLevel>1</nestedLevel>
</record>
<record>
  <date>2019-02-13T10:12:01</date>
  <millis>1550045521988</millis>
  <sequence>117</sequence>
  <level>END</level>
  <class>com.kms.katalon.core.logging.XmlKeywordLogger</class>
  <method>endKeyword</method>
  <thread>1</thread>
  <message>End action : delay(1)</message>
  <nestedLevel>1</nestedLevel>
</record>
<record>
  <date>2019-02-13T10:12:01</date>
  <millis>1550045521988</millis>
  <sequence>118</sequence>
  <level>PASSED</level>
  <class>com.kms.katalon.core.logging.XmlKeywordLogger</class>
  <method>logMessage</method>
  <thread>1</thread>
  <message>Test Cases/Event Group Management/TC_Click on Search Button</message>
  <nestedLevel>1</nestedLevel>
</record>
<record>
  <date>2019-02-13T10:12:01</date>
  <millis>1550045521989</millis>
  <sequence>119</sequence>
  <level>END</level>
  <class>com.kms.katalon.core.logging.XmlKeywordLogger</class>
  <method>endTest</method>
  <thread>1</thread>
  <message>End Test Case : Test Cases/Event Group Management/TC_Click on Search Button</message>
  <nestedLevel>0</nestedLevel>
</record>
<record>
  <date>2019-02-13T10:12:02</date>
  <millis>1550045522011</millis>
  <sequence>120</sequence>
  <level>START</level>
  <class>com.kms.katalon.core.logging.XmlKeywordLogger</class>
  <method>startTest</method>
  <thread>1</thread>
  <message>Start Test Case : Test Cases/Event Group Management/TC_Update and Delete test</message>
  <nestedLevel>1</nestedLevel>
  <property name="name">Test Cases/Event Group Management/TC_Update and Delete test</property>
  <property name="description"></property>
  <property name="id">Test Cases/Event Group Management/TC_Update and Delete test</property>
  <property name="source">C:\\Users\\Administrator\\git\\MOF\\Test Cases\\Event Group Management\\TC_Update and Delete test.tc</property>
  <property name="isOptional">false</property>
</record>
<record>
  <date>2019-02-13T10:12:02</date>
  <millis>1550045522012</millis>
  <sequence>122</sequence>
  <level>INFO</level>
  <class>com.kms.katalon.core.logging.XmlKeywordLogger</class>
  <method>logMessage</method>
  <thread>1</thread>
  <message>ArabicDescription = English Description_1</message>
  <nestedLevel>1</nestedLevel>
</record>
<record>
  <date>2019-02-13T10:12:02</date>
  <millis>1550045522012</millis>
  <sequence>123</sequence>
  <level>INFO</level>
  <class>com.kms.katalon.core.logging.XmlKeywordLogger</class>
  <method>logMessage</method>
  <thread>1</thread>
  <message>EnglishDescription = English Description_123</message>
  <nestedLevel>1</nestedLevel>
</record>
<record>
  <date>2019-02-13T10:12:02</date>
  <millis>1550045522012</millis>
  <sequence>124</sequence>
  <level>INFO</level>
  <class>com.kms.katalon.core.logging.XmlKeywordLogger</class>
  <method>logMessage</method>
  <thread>1</thread>
  <message>Code = EB2</message>
  <nestedLevel>1</nestedLevel>
</record>
<record>
  <date>2019-02-13T10:12:02</date>
  <millis>1550045522012</millis>
  <sequence>125</sequence>
  <level>INFO</level>
  <class>com.kms.katalon.core.logging.XmlKeywordLogger</class>
  <method>logMessage</method>
  <thread>1</thread>
  <message>ActionType = UpdateYes</message>
  <nestedLevel>1</nestedLevel>
</record>
<record>
  <date>2019-02-13T10:12:02</date>
  <millis>1550045522359</millis>
  <sequence>126</sequence>
  <level>START</level>
  <class>com.kms.katalon.core.logging.XmlKeywordLogger</class>
  <method>startKeyword</method>
  <thread>1</thread>
  <message>Start action : if (ActionType == \&amp;quot;UpdateYes\&amp;quot;)</message>
  <nestedLevel>1</nestedLevel>
  <property name="startLine">16</property>
  <property name="stepIndex">1</property>
</record>
<record>
  <date>2019-02-13T10:12:02</date>
  <millis>1550045522361</millis>
  <sequence>127</sequence>
  <level>START</level>
  <class>com.kms.katalon.core.logging.XmlKeywordLogger</class>
  <method>startKeyword</method>
  <thread>1</thread>
  <message>Start action : delay(2)</message>
  <nestedLevel>2</nestedLevel>
  <property name="startLine">17</property>
  <property name="stepIndex">1</property>
</record>
<record>
  <date>2019-02-13T10:12:04</date>
  <millis>1550045524362</millis>
  <sequence>129</sequence>
  <level>PASSED</level>
  <class>com.kms.katalon.core.logging.XmlKeywordLogger</class>
  <method>logMessage</method>
  <thread>1</thread>
  <message>Delayed 2 second(s)</message>
  <nestedLevel>1</nestedLevel>
</record>
<record>
  <date>2019-02-13T10:12:04</date>
  <millis>1550045524364</millis>
  <sequence>130</sequence>
  <level>END</level>
  <class>com.kms.katalon.core.logging.XmlKeywordLogger</class>
  <method>endKeyword</method>
  <thread>1</thread>
  <message>End action : delay(2)</message>
  <nestedLevel>2</nestedLevel>
</record>
<record>
  <date>2019-02-13T10:12:04</date>
  <millis>1550045524365</millis>
  <sequence>131</sequence>
  <level>START</level>
  <class>com.kms.katalon.core.logging.XmlKeywordLogger</class>
  <method>startKeyword</method>
  <thread>1</thread>
  <message>Start action : pk_Functions.CS_ClickingonUpdateorDeletebutton_Fulltabl.SelectRecordFromWebtableFun(\&amp;quot;UpdateYes\&amp;quot;, 0, 3, \&amp;quot;Event Group Management/MOF_NE_Event Group ManagementObjectRepository\&amp;quot;, \&amp;quot;Sheet1\&amp;quot;, Code)</message>
  <nestedLevel>2</nestedLevel>
  <property name="startLine">19</property>
  <property name="stepIndex">2</property>
</record>
<record>
  <date>2019-02-13T10:12:05</date>
  <millis>1550045525625</millis>
  <sequence>142</sequence>
  <level>PASSED</level>
  <class>com.kms.katalon.core.logging.XmlKeywordLogger</class>
  <method>logMessage</method>
  <thread>1</thread>
  <message>Attribute &amp;apos;tabindex&amp;apos; of object &amp;apos;&amp;apos; is: &amp;apos;null&amp;apos;</message>
  <nestedLevel>1</nestedLevel>
</record>
<record>
  <date>2019-02-13T10:12:05</date>
  <millis>1550045525720</millis>
  <sequence>148</sequence>
  <level>PASSED</level>
  <class>com.kms.katalon.core.logging.XmlKeywordLogger</class>
  <method>logMessage</method>
  <thread>1</thread>
  <message>Object: &amp;apos;&amp;apos; is clicked on</message>
  <nestedLevel>1</nestedLevel>
</record>
<record>
  <date>2019-02-13T10:12:07</date>
  <millis>1550045527720</millis>
  <sequence>150</sequence>
  <level>PASSED</level>
  <class>com.kms.katalon.core.logging.XmlKeywordLogger</class>
  <method>logMessage</method>
  <thread>1</thread>
  <message>Delayed 2 second(s)</message>
  <nestedLevel>1</nestedLevel>
</record>
<record>
  <date>2019-02-13T10:12:07</date>
  <millis>1550045527742</millis>
  <sequence>157</sequence>
  <level>PASSED</level>
  <class>com.kms.katalon.core.logging.XmlKeywordLogger</class>
  <method>logMessage</method>
  <thread>1</thread>
  <message>Attribute &amp;apos;tabindex&amp;apos; of object &amp;apos;&amp;apos; is: &amp;apos;null&amp;apos;</message>
  <nestedLevel>1</nestedLevel>
</record>
<record>
  <date>2019-02-13T10:12:09</date>
  <millis>1550045529743</millis>
  <sequence>159</sequence>
  <level>PASSED</level>
  <class>com.kms.katalon.core.logging.XmlKeywordLogger</class>
  <method>logMessage</method>
  <thread>1</thread>
  <message>Delayed 2 second(s)</message>
  <nestedLevel>1</nestedLevel>
</record>
<record>
  <date>2019-02-13T10:12:09</date>
  <millis>1550045529743</millis>
  <sequence>160</sequence>
  <level>PASSED</level>
  <class>com.kms.katalon.core.logging.XmlKeywordLogger</class>
  <method>logMessage</method>
  <thread>1</thread>
  <message>pk_Functions.CS_ClickingonUpdateorDeletebutton_Fulltabl.SelectRecordFromWebtableFun is PASSED</message>
  <nestedLevel>1</nestedLevel>
</record>
<record>
  <date>2019-02-13T10:12:09</date>
  <millis>1550045529744</millis>
  <sequence>161</sequence>
  <level>END</level>
  <class>com.kms.katalon.core.logging.XmlKeywordLogger</class>
  <method>endKeyword</method>
  <thread>1</thread>
  <message>End action : pk_Functions.CS_ClickingonUpdateorDeletebutton_Fulltabl.SelectRecordFromWebtableFun(\&amp;quot;UpdateYes\&amp;quot;, 0, 3, \&amp;quot;Event Group Management/MOF_NE_Event Group ManagementObjectRepository\&amp;quot;, \&amp;quot;Sheet1\&amp;quot;, Code)</message>
  <nestedLevel>2</nestedLevel>
</record>
<record>
  <date>2019-02-13T10:12:09</date>
  <millis>1550045529744</millis>
  <sequence>162</sequence>
  <level>START</level>
  <class>com.kms.katalon.core.logging.XmlKeywordLogger</class>
  <method>startKeyword</method>
  <thread>1</thread>
  <message>Start action : delay(2)</message>
  <nestedLevel>2</nestedLevel>
  <property name="startLine">22</property>
  <property name="stepIndex">3</property>
</record>
<record>
  <date>2019-02-13T10:12:11</date>
  <millis>1550045531744</millis>
  <sequence>164</sequence>
  <level>PASSED</level>
  <class>com.kms.katalon.core.logging.XmlKeywordLogger</class>
  <method>logMessage</method>
  <thread>1</thread>
  <message>Delayed 2 second(s)</message>
  <nestedLevel>1</nestedLevel>
</record>
<record>
  <date>2019-02-13T10:12:11</date>
  <millis>1550045531745</millis>
  <sequence>165</sequence>
  <level>END</level>
  <class>com.kms.katalon.core.logging.XmlKeywordLogger</class>
  <method>endKeyword</method>
  <thread>1</thread>
  <message>End action : delay(2)</message>
  <nestedLevel>2</nestedLevel>
</record>
<record>
  <date>2019-02-13T10:12:11</date>
  <millis>1550045531745</millis>
  <sequence>166</sequence>
  <level>START</level>
  <class>com.kms.katalon.core.logging.XmlKeywordLogger</class>
  <method>startKeyword</method>
  <thread>1</thread>
  <message>Start action : pk_Functions.CS_SpecificPageData.DataFun([\&amp;quot;Arabic Description\&amp;quot;, \&amp;quot;English Description\&amp;quot;], \&amp;quot;Event Group Management/MOF_NE_Event Group ManagementObjectRepository\&amp;quot;, \&amp;quot;Sheet1\&amp;quot;, [ArabicDescription, EnglishDescription])</message>
  <nestedLevel>2</nestedLevel>
  <property name="startLine">24</property>
  <property name="stepIndex">4</property>
</record>
